2026-02-23 02:10:35.844 [PIPE] Server started. Pipe name='TradePipe'
2026-02-23 02:10:35.844 === ArbitrageX started ===
2026-02-23 02:10:35.844 [PIPE] Waiting for connection...
2026-02-23 02:10:36.047 [PIPE] Client connected!
2026-02-23 02:10:36.063 [PIPE] Waiting for connection...
2026-02-23 02:10:36.094 [PIPE] Terminal connected: MT5-01 (conn=64d01549095b452aa798c2ea1d2b94c6)
2026-02-23 02:10:36.094 [UI] Terminal connected: MT5-01
2026-02-23 02:10:46.250 [CONFIG] Source=RITHMIC-FAST Target=MT5-01 Master=NQH6.CME Slave=NAS100
2026-02-23 02:10:46.250 [ENGINE] [ENGINE] Warming up JIT compiler...
2026-02-23 02:10:46.250 [ENGINE] [ENGINE] JIT Warmup complete. State reset. Awaiting live data...
2026-02-23 02:10:46.250 [RITHMIC] Initializing REngine...
2026-02-23 02:10:46.907 [RITHMIC] Logging in to Orangeburg UAT...
2026-02-23 02:10:46.938 [RITHMIC] Error: bad input
2026-02-23 02:15:31.981 [PIPE] Server started. Pipe name='TradePipe'
2026-02-23 02:15:31.981 === ArbitrageX started ===
2026-02-23 02:15:31.981 [PIPE] Waiting for connection...
2026-02-23 02:15:32.106 [PIPE] Client connected!
2026-02-23 02:15:32.137 [PIPE] Waiting for connection...
2026-02-23 02:15:32.137 [PIPE] Terminal connected: MT5-01 (conn=ba47e36f37244d00b143e032c805dc40)
2026-02-23 02:15:32.137 [UI] Terminal connected: MT5-01
2026-02-23 02:16:48.662 [PIPE] Server started. Pipe name='TradePipe'
2026-02-23 02:16:48.662 === ArbitrageX started ===
2026-02-23 02:16:48.662 [PIPE] Waiting for connection...
2026-02-23 02:16:48.709 [PIPE] Client connected!
2026-02-23 02:16:48.725 [PIPE] Waiting for connection...
2026-02-23 02:16:48.740 [PIPE] Terminal connected: MT5-01 (conn=750ad53a5a0145fdbe902012382634ab)
2026-02-23 02:16:48.740 [UI] Terminal connected: MT5-01
2026-02-23 14:16:26.725 [PIPE] Server started. Pipe name='TradePipe'
2026-02-23 14:16:26.725 === ArbitrageX started ===
2026-02-23 14:16:26.725 [PIPE] Waiting for connection...
2026-02-23 14:16:26.928 [PIPE] Client connected!
2026-02-23 14:16:26.943 [PIPE] Waiting for connection...
2026-02-23 14:16:26.990 [PIPE] Terminal connected: MT5-01 (conn=cef5011cd0c64de98e746725dd158f73)
2026-02-23 14:16:26.990 [UI] Terminal connected: MT5-01
2026-02-23 15:11:50.783 [PIPE] Server started. Pipe name='TradePipe'
2026-02-23 15:11:50.783 === ArbitrageX started ===
2026-02-23 15:11:50.783 [PIPE] Waiting for connection...
2026-02-23 15:11:50.814 [PIPE] Client connected!
2026-02-23 15:11:50.830 [PIPE] Waiting for connection...
2026-02-23 15:11:50.830 [PIPE] Terminal connected: MT5-01 (conn=1378703b5b914c099c459fd04a176167)
2026-02-23 15:11:50.830 [UI] Terminal connected: MT5-01
2026-02-23 15:16:24.010 [PIPE] Server started. Pipe name='TradePipe'
2026-02-23 15:16:24.025 === ArbitrageX started ===
2026-02-23 15:16:24.025 [PIPE] Waiting for connection...
2026-02-23 15:16:24.056 [PIPE] Client connected!
2026-02-23 15:16:24.072 [PIPE] Waiting for connection...
2026-02-23 15:16:24.088 [PIPE] Terminal connected: MT5-01 (conn=4f53c250ca6e4ce1afdf9077b3281554)
2026-02-23 15:16:24.088 [UI] Terminal connected: MT5-01
2026-02-24 09:45:46.013 [PIPE] Server started. Pipe name='TradePipe'
2026-02-24 09:45:46.021 === ArbitrageX started ===
2026-02-24 09:45:46.023 [PIPE] Waiting for connection...
2026-02-24 09:45:46.060 [PIPE] Client connected!
2026-02-24 09:45:46.083 [PIPE] Waiting for connection...
2026-02-24 09:45:46.084 [PIPE] Terminal connected: MT5-01 (conn=72d191e4d73e46c5a6b6cedc2f3e21bc)
2026-02-24 09:45:46.085 [UI] Terminal connected: MT5-01
2026-02-24 09:53:00.103 [PIPE] Server started. Pipe name='TradePipe'
2026-02-24 09:53:00.103 === ArbitrageX started ===
2026-02-24 09:53:00.119 [PIPE] Waiting for connection...
2026-02-24 09:53:00.166 [PIPE] Client connected!
2026-02-24 09:53:00.197 [PIPE] Waiting for connection...
2026-02-24 09:53:00.202 [PIPE] Terminal connected: MT5-01 (conn=ff648022ce174a5f9650e2762f80816f)
2026-02-24 09:53:00.203 [UI] Terminal connected: MT5-01
2026-02-24 11:42:44.942 [PIPE] Server started. Pipe name='TradePipe'
2026-02-24 11:42:44.957 === ArbitrageX started ===
2026-02-24 11:42:44.957 [PIPE] Waiting for connection...
2026-02-24 11:42:44.973 [PIPE] Client connected!
2026-02-24 11:42:44.989 [PIPE] Waiting for connection...
2026-02-24 11:42:44.989 [PIPE] Terminal connected: MT5-01 (conn=c458c65b07c34cc0b092c7354d0d208b)
2026-02-24 11:42:44.989 [UI] Terminal connected: MT5-01
2026-02-24 12:03:43.014 [PIPE] Server started. Pipe name='TradePipe'
2026-02-24 12:03:43.021 === ArbitrageX started ===
2026-02-24 12:03:43.024 [PIPE] Waiting for connection...
2026-02-24 12:03:43.157 [PIPE] Client connected!
2026-02-24 12:03:43.178 [PIPE] Waiting for connection...
2026-02-24 12:03:43.182 [PIPE] Terminal connected: MT5-01 (conn=9932f420a52a4fe5ae88671ab3cac2c0)
2026-02-24 12:03:43.183 [UI] Terminal connected: MT5-01
2026-02-24 12:04:09.438 [CONFIG] Source=RITHMIC-FAST Target=MT5-01 Master=NQH6.CME Slave=NAS100
2026-02-24 12:04:09.443 [ENGINE] [ENGINE] Warming up JIT compiler...
2026-02-24 12:04:09.448 [ENGINE] [ENGINE] JIT Warmup complete. State reset. Awaiting live data...
2026-02-24 12:04:09.450 [RITHMIC] Initializing REngine...
2026-02-24 12:04:10.220 [RITHMIC] Logging in to Rithmic Paper Trading (Chicago)...
2026-02-24 12:05:06.187 [RITHMIC] Disconnecting...
2026-02-24 12:06:45.765 [RITHMIC ALERT] Market Data Connection Broken
2026-02-24 12:08:11.516 [RITHMIC ALERT] Trading System Connection Broken
2026-02-24 12:09:37.363 [RITHMIC ALERT] PnL Connection Broken
2026-02-24 12:11:04.017 [RITHMIC] Connected to Rithmic Paper Trading!
2026-02-24 12:11:04.017 [RITHMIC] Error: Object reference not set to an instance of an object.
2026-02-24 12:11:04.133 [RITHMIC ALERT] Intraday History Connection Broken
2026-02-24 15:41:42.053 [PIPE] Server started. Pipe name='TradePipe'
2026-02-24 15:41:42.061 === ArbitrageX started ===
2026-02-24 15:41:42.063 [PIPE] Waiting for connection...
2026-02-24 15:41:42.289 [PIPE] Client connected!
2026-02-24 15:41:42.312 [PIPE] Waiting for connection...
2026-02-24 15:41:42.313 [PIPE] Terminal connected: MT5-01 (conn=28fc8021d3bc44079bfc59d6139b004d)
2026-02-24 15:41:42.314 [UI] Terminal connected: MT5-01
2026-02-24 16:30:52.531 [PIPE] Server started. Pipe name='TradePipe'
2026-02-24 16:30:52.550 === ArbitrageX started ===
2026-02-24 16:30:52.552 [PIPE] Waiting for connection...
2026-02-24 16:30:52.719 [PIPE] Client connected!
2026-02-24 16:30:52.734 [PIPE] Waiting for connection...
2026-02-24 16:30:52.750 [PIPE] Terminal connected: MT5-01 (conn=388c201cf7c24ecfa3ac6430e59ec215)
2026-02-24 16:30:52.750 [UI] Terminal connected: MT5-01
2026-02-24 16:47:41.344 [PIPE] Server started. Pipe name='TradePipe'
2026-02-24 16:47:41.360 === ArbitrageX started ===
2026-02-24 16:47:41.360 [PIPE] Waiting for connection...
2026-02-24 16:47:41.516 [PIPE] Client connected!
2026-02-24 16:47:41.532 [PIPE] Waiting for connection...
2026-02-24 16:47:41.547 [PIPE] Terminal connected: MT5-01 (conn=79a7b7122a3f44eaa1438cd02995b1f5)
2026-02-24 16:47:41.547 [UI] Terminal connected: MT5-01
2026-02-25 02:11:05.378 [PIPE] Server started. Pipe name='TradePipe'
2026-02-25 02:11:05.394 === ArbitrageX started ===
2026-02-25 02:11:05.394 [PIPE] Waiting for connection...
2026-02-25 02:28:26.042 [PIPE] Server started. Pipe name='TradePipe'
2026-02-25 02:28:26.050 === ArbitrageX started ===
2026-02-25 02:28:26.052 [PIPE] Waiting for connection...
2026-02-25 02:46:35.862 [PIPE] Server started. Pipe name='TradePipe'
2026-02-25 02:46:35.870 === ArbitrageX started ===
2026-02-25 02:46:35.872 [PIPE] Waiting for connection...
2026-02-25 02:59:53.322 [PIPE] Server started. Pipe name='TradePipe'
2026-02-25 02:59:53.330 === ArbitrageX started ===
2026-02-25 02:59:53.332 [PIPE] Waiting for connection...
2026-02-25 03:19:58.052 [PIPE] Server started. Pipe name='TradePipe'
2026-02-25 03:19:58.068 === ArbitrageX started ===
2026-02-25 03:19:58.068 [PIPE] Waiting for connection...
2026-02-25 03:35:54.937 [PIPE] Server started. Pipe name='TradePipe'
2026-02-25 03:35:54.937 === ArbitrageX started ===
2026-02-25 03:35:54.953 [PIPE] Waiting for connection...
2026-02-25 03:46:15.328 [PIPE] Server started. Pipe name='TradePipe'
2026-02-25 03:46:15.344 === ArbitrageX started ===
2026-02-25 03:46:15.344 [PIPE] Waiting for connection...
2026-02-25 04:07:33.452 [PIPE] Server started. Pipe name='TradePipe'
2026-02-25 04:07:33.471 === ArbitrageX started ===
2026-02-25 04:07:33.473 [PIPE] Waiting for connection...
2026-02-25 04:27:47.956 [PIPE] Server started. Pipe name='TradePipe'
2026-02-25 04:27:47.964 === ArbitrageX started ===
2026-02-25 04:27:47.966 [PIPE] Waiting for connection...
2026-02-25 05:47:30.046 [PIPE] Server started. Pipe name='TradePipe'
2026-02-25 05:47:30.054 === ArbitrageX started ===
2026-02-25 05:47:30.056 [PIPE] Waiting for connection...
2026-02-26 03:43:18.869 [PIPE] Server started. Pipe name='TradePipe'
2026-02-26 03:43:18.878 === ArbitrageX started ===
2026-02-26 03:43:18.879 [PIPE] Waiting for connection...
